{
  "RSpec": {
    "coverage": {
      "/admission_api/spec/models/admission_spec.rb": [
        null,
        null,
        1,
        null,
        1,
        2,
        null,
        1,
        2,
        1,
        1,
        null,
        null,
        null
      ],
      "/admission_api/spec/rails_helper.rb": [
        null,
        1,
        null,
        1,
        1,
        null,
        1,
        1,
        null,
        null,
        null,
        null,
        null,
        null,
        null,
        null,
        null,
        null,
        null,
        null,
        null,
        null,
        null,
        null,
        null,
        null,
        null,
        1,
        1,
        null,
        0,
        0,
        null,
        1,
        null,
        1,
        null,
        null,
        null,
        null,
        1,
        null,
        null,
        null,
        null,
        null,
        null,
        null,
        null,
        null,
        null,
        null,
        null,
        null,
        null,
        1,
        null,
        null,
        1,
        null,
        null,
        null,
        null,
        1,
        1,
        1,
        null,
        null
      ],
      "/admission_api/config/environment.rb": [
        null,
        1,
        null,
        null,
        1
      ],
      "/admission_api/config/application.rb": [
        1,
        null,
        1,
        null,
        1,
        1,
        1,
        1,
        1,
        1,
        1,
        null,
        null,
        1,
        null,
        null,
        null,
        1,
        null,
        1,
        1,
        null,
        1,
        null,
        1,
        1,
        null,
        null,
        null,
        null,
        null,
        null,
        null
      ],
      "/admission_api/config/boot.rb": [
        1,
        null,
        1,
        1
      ],
      "/admission_api/config/environments/test.rb": [
        1,
        null,
        null,
        null,
        null,
        null,
        null,
        1,
        null,
        null,
        null,
        null,
        1,
        null,
        null,
        1,
        1,
        null,
        null,
        null,
        null,
        1,
        1,
        null,
        null,
        1,
        null,
        null,
        1,
        null,
        null,
        1,
        null,
        1,
        null,
        null,
        null,
        null,
        1,
        null,
        null,
        1,
        null,
        null,
        null,
        null
      ],
      "/admission_api/config/initializers/application_controller_renderer.rb": [
        null,
        null,
        null,
        null,
        null,
        null,
        null,
        null
      ],
      "/admission_api/config/initializers/backtrace_silencers.rb": [
        null,
        null,
        null,
        null,
        null,
        null,
        null
      ],
      "/admission_api/config/initializers/content_security_policy.rb": [
        null,
        null,
        null,
        null,
        null,
        null,
        1,
        null,
        null,
        null,
        null,
        null,
        null,
        null,
        null,
        null,
        null,
        1,
        0,
        0,
        null,
        1,
        null,
        null,
        null,
        null,
        null,
        null,
        null,
        null,
        null,
        null
      ],
      "/admission_api/config/initializers/cookies_serializer.rb": [
        null,
        null,
        null,
        null,
        1
      ],
      "/admission_api/config/initializers/filter_parameter_logging.rb": [
        null,
        null,
        null,
        1
      ],
      "/admission_api/config/initializers/inflections.rb": [
        null,
        null,
        null,
        null,
        null,
        null,
        null,
        null,
        null,
        null,
        null,
        null,
        null,
        null,
        null,
        null
      ],
      "/admission_api/config/initializers/mime_types.rb": [
        null,
        null,
        null,
        null
      ],
      "/admission_api/config/initializers/wrap_parameters.rb": [
        null,
        null,
        null,
        null,
        null,
        null,
        1,
        2,
        null,
        null,
        null,
        null,
        null,
        null
      ],
      "/admission_api/spec/factories/admissions.rb": [
        null,
        null,
        1,
        1,
        282,
        1,
        null,
        null,
        null
      ],
      "/admission_api/spec/factories/billings.rb": [
        null,
        null,
        1,
        1,
        75,
        75,
        1,
        null,
        1,
        1,
        1,
        null,
        null,
        1,
        0,
        null,
        null,
        null,
        null
      ],
      "/admission_api/spec/factories/bills.rb": [
        null,
        null,
        1,
        1,
        29,
        29,
        29,
        29,
        29,
        29,
        1,
        null,
        null
      ],
      "/admission_api/spec/factories/payments.rb": [
        1,
        1,
        null,
        null,
        null
      ],
      "/admission_api/spec/factories/students.rb": [
        null,
        null,
        1,
        1,
        109,
        109,
        null,
        1,
        1,
        29,
        null,
        null,
        1,
        28,
        null,
        null,
        null,
        1,
        1,
        14,
        null,
        null,
        1,
        13,
        null,
        null,
        null,
        null
      ],
      "/admission_api/config/routes.rb": [
        1,
        1,
        1,
        1,
        1,
        1,
        1,
        null,
        null,
        null,
        null,
        null,
        null
      ],
      "/admission_api/app/helpers/application_helper.rb": [
        1,
        null
      ],
      "/admission_api/app/helpers/students_helper.rb": [
        1,
        null
      ],
      "/admission_api/app/models/admission.rb": [
        null,
        null,
        1,
        1,
        1,
        1,
        null,
        1,
        1,
        1,
        null,
        1,
        null,
        1,
        289,
        157,
        null,
        132,
        null,
        null,
        null
      ],
      "/admission_api/app/models/application_record.rb": [
        null,
        null,
        1,
        1,
        null
      ],
      "/admission_api/spec/models/bill_spec.rb": [
        null,
        null,
        1,
        null,
        1,
        6,
        1,
        1,
        1,
        1,
        null,
        null,
        1,
        1,
        1,
        null,
        null,
        null,
        null,
        1,
        1,
        1,
        null,
        null,
        null,
        1,
        1,
        1,
        null,
        null,
        1,
        1,
        2,
        null,
        null,
        null
      ],
      "/admission_api/app/models/bill.rb": [
        null,
        null,
        1,
        1,
        1,
        null,
        1,
        null,
        null,
        null,
        1,
        null,
        1,
        1,
        1,
        1,
        3,
        3,
        null,
        null,
        null,
        null,
        null,
        3,
        null,
        null,
        null,
        null,
        1,
        3,
        3,
        null,
        1,
        null,
        null,
        1,
        4,
        3,
        null,
        null,
        1,
        5,
        null,
        null
      ],
      "/admission_api/spec/models/billing_spec.rb": [
        null,
        null,
        1,
        null,
        1,
        null,
        1,
        5,
        null,
        1,
        3,
        1,
        1,
        null,
        null,
        1,
        1,
        1,
        null,
        null,
        null,
        1,
        3,
        1,
        1,
        null,
        null,
        1,
        1,
        1,
        null,
        null,
        null,
        null
      ],
      "/admission_api/app/models/billing.rb": [
        null,
        null,
        1,
        1,
        1,
        null,
        1,
        1,
        1,
        null
      ],
      "/admission_api/spec/models/payment_spec.rb": [
        null,
        null,
        1,
        null,
        1,
        1,
        null
      ],
      "/admission_api/app/models/payment.rb": [
        null,
        null,
        1,
        1,
        null
      ],
      "/admission_api/spec/models/student_spec.rb": [
        null,
        null,
        1,
        null,
        1,
        3,
        1,
        1,
        3,
        null,
        1,
        1,
        null,
        null,
        1,
        1,
        1,
        null,
        null,
        null,
        null
      ],
      "/admission_api/app/models/student.rb": [
        null,
        null,
        1,
        1,
        1,
        null,
        1,
        1,
        null,
        1,
        114,
        null,
        null
      ],
      "/admission_api/spec/requests/admissions_spec.rb": [
        null,
        null,
        1,
        null,
        1,
        15,
        15,
        null,
        1,
        1,
        1,
        1,
        null,
        null,
        1,
        1,
        1,
        null,
        null,
        null,
        1,
        3,
        null,
        1,
        1,
        null,
        null,
        1,
        1,
        null,
        null,
        null,
        1,
        1,
        5,
        null,
        1,
        1,
        null,
        null,
        1,
        1,
        null,
        null,
        1,
        1,
        1,
        null,
        null,
        null,
        1,
        2,
        null,
        1,
        1,
        null,
        null,
        null,
        null,
        1,
        2,
        null,
        1,
        1,
        null,
        null,
        null,
        null,
        1,
        1,
        4,
        null,
        1,
        1,
        null,
        null,
        1,
        1,
        null,
        null,
        1,
        1,
        null,
        null,
        null,
        null,
        1,
        1,
        3,
        null,
        1,
        1,
        null,
        null,
        1,
        1,
        null,
        null,
        null,
        null
      ],
      "/admission_api/spec/requests/billings_spec.rb": [
        null,
        null,
        1,
        null,
        1,
        12,
        null,
        1,
        1,
        1,
        1,
        null,
        null,
        1,
        1,
        1,
        null,
        null,
        null,
        1,
        1,
        3,
        null,
        1,
        1,
        null,
        null,
        1,
        1,
        null,
        null,
        null,
        1,
        2,
        null,
        1,
        1,
        null,
        null,
        null,
        null,
        1,
        1,
        5,
        null,
        1,
        1,
        null,
        1,
        1,
        null,
        null,
        1,
        1,
        null,
        null,
        1,
        1,
        null,
        null,
        null,
        null,
        1,
        1,
        3,
        null,
        1,
        1,
        null,
        null,
        1,
        1,
        null,
        null,
        null,
        null
      ],
      "/admission_api/spec/requests/bills_spec.rb": [
        null,
        null,
        1,
        null,
        1,
        3,
        3,
        3,
        null,
        1,
        1,
        1,
        1,
        null,
        null,
        1,
        1,
        1,
        null,
        null,
        null
      ],
      "/admission_api/spec/requests/students_spec.rb": [
        null,
        null,
        1,
        null,
        1,
        12,
        null,
        1,
        1,
        1,
        1,
        null,
        null,
        null,
        1,
        3,
        null,
        1,
        1,
        null,
        null,
        1,
        1,
        null,
        null,
        null,
        1,
        1,
        3,
        null,
        1,
        1,
        null,
        null,
        1,
        1,
        null,
        null,
        null,
        1,
        2,
        null,
        1,
        1,
        null,
        null,
        null,
        null,
        1,
        1,
        4,
        null,
        1,
        1,
        null,
        null,
        1,
        1,
        null,
        null,
        1,
        1,
        null,
        null,
        null,
        null,
        1,
        1,
        3,
        null,
        1,
        1,
        null,
        null,
        1,
        1,
        null,
        null,
        null,
        null
      ],
      "/admission_api/app/controllers/api/v1/admissions_controller.rb": [
        null,
        null,
        1,
        1,
        1,
        1,
        null,
        null,
        1,
        2,
        null,
        null,
        null,
        1,
        2,
        null,
        null,
        null,
        1,
        6,
        6,
        5,
        null,
        null,
        null,
        1,
        3,
        3,
        null,
        null,
        null,
        1,
        2,
        2,
        null,
        null,
        1,
        null,
        1,
        25,
        null,
        null,
        1,
        7,
        null,
        null,
        null,
        null
      ],
      "/admission_api/app/controllers/application_controller.rb": [
        1,
        1,
        1,
        null
      ],
      "/admission_api/app/controllers/concerns/response.rb": [
        1,
        1,
        23,
        null,
        null
      ],
      "/admission_api/app/controllers/concerns/exception_handler.rb": [
        1,
        null,
        1,
        null,
        1,
        1,
        0,
        null,
        null,
        1,
        3,
        null,
        null,
        null
      ],
      "/admission_api/app/controllers/api/v1/billings_controller.rb": [
        null,
        null,
        1,
        1,
        1,
        1,
        null,
        null,
        1,
        2,
        null,
        null,
        null,
        1,
        0,
        null,
        null,
        null,
        1,
        3,
        3,
        2,
        null,
        null,
        null,
        1,
        4,
        4,
        null,
        null,
        null,
        1,
        2,
        2,
        null,
        null,
        1,
        null,
        1,
        21,
        null,
        null,
        1,
        0,
        null,
        null,
        1,
        6,
        null,
        null,
        null,
        null
      ],
      "/admission_api/app/controllers/api/v1/bills_controller.rb": [
        null,
        null,
        1,
        1,
        1,
        1,
        null,
        null,
        1,
        2,
        null,
        null,
        null,
        1,
        0,
        null,
        null,
        1,
        null,
        1,
        2,
        null,
        null,
        1,
        0,
        null,
        null,
        null,
        null
      ],
      "/admission_api/app/controllers/api/v1/students_controller.rb": [
        null,
        null,
        1,
        1,
        1,
        1,
        null,
        null,
        1,
        1,
        1,
        null,
        null,
        null,
        1,
        2,
        null,
        null,
        null,
        1,
        3,
        3,
        2,
        null,
        null,
        null,
        1,
        3,
        3,
        null,
        null,
        null,
        1,
        2,
        2,
        null,
        null,
        1,
        null,
        null,
        1,
        7,
        null,
        null,
        null,
        1,
        13,
        null,
        null,
        null,
        null
      ]
    },
    "timestamp": 1542941625
  }
}
